#
# There is insufficient memory for the Java Runtime Environment to continue.
# Native memory allocation (mmap) failed to map 132120576 bytes for G1 virtual space
# Possible reasons:
#   The system is out of physical RAM or swap space
#   The process is running with CompressedOops enabled, and the Java Heap may be blocking the growth of the native heap
# Possible solutions:
#   Reduce memory load on the system
#   Increase physical memory or swap space
#   Check if swap backing store is full
#   Decrease Java heap size (-Xmx/-Xms)
#   Decrease number of Java threads
#   Decrease Java thread stack sizes (-Xss)
#   Set larger code cache with -XX:ReservedCodeCacheSize=
#   JVM is running with Unscaled Compressed Oops mode in which the Java heap is
#     placed in the first 4GB address space. The Java Heap base address is the
#     maximum limit for the native heap growth. Please use -XX:HeapBaseMinAddress
#     to set the Java Heap base and to place the Java Heap above 4GB virtual address.
# This output file may be truncated or incomplete.
#
#  Out of Memory Error (os_windows.cpp:3541), pid=20456, tid=9676
#
# JRE version:  (17.0.5+9) (build )
# Java VM: Java HotSpot(TM) 64-Bit Server VM (17.0.5+9-LTS-191, mixed mode, sharing, tiered, compressed oops, compressed class ptrs, g1 gc, windows-amd64)
# No core dump will be written. Minidumps are not enabled by default on client versions of Windows
#

---------------  S U M M A R Y ------------

Command Line: -Dfile.encoding=UTF-8 -XX:+ShowCodeDetailsInExceptionMessages com.muthukumarasamy.busticketbooking.BusBooking

Host: 11th Gen Intel(R) Core(TM) i5-11300H @ 3.10GHz, 8 cores, 7G,  Windows 11 , 64 bit Build 22621 (10.0.22621.2506)
Time: Fri Dec 22 17:48:10 2023 India Standard Time elapsed time: 0.015206 seconds (0d 0h 0m 0s)

---------------  T H R E A D  ---------------

Current thread (0x000001eb07548de0):  JavaThread "Unknown thread" [_thread_in_vm, id=9676, stack(0x0000000100600000,0x0000000100700000)]

Stack: [0x0000000100600000,0x0000000100700000]
Native frames: (J=compiled Java code, j=interpreted, Vv=VM code, C=native code)
V  [jvm.dll+0x672eea]
V  [jvm.dll+0x7d2a04]
V  [jvm.dll+0x7d41ae]
V  [jvm.dll+0x7d4813]
V  [jvm.dll+0x242c15]
V  [jvm.dll+0x66fe09]
V  [jvm.dll+0x664682]
V  [jvm.dll+0x300e8b]
V  [jvm.dll+0x308426]
V  [jvm.dll+0x357ffe]
V  [jvm.dll+0x35822f]
V  [jvm.dll+0x2d80a8]
V  [jvm.dll+0x2d9014]
V  [jvm.dll+0x7a44e1]
V  [jvm.dll+0x365df1]
V  [jvm.dll+0x7838fc]
V  [jvm.dll+0x3e873f]
V  [jvm.dll+0x3ea1e1]
C  [jli.dll+0x527b]
C  [ucrtbase.dll+0x29363]
C  [KERNEL32.DLL+0x1257d]
C  [ntdll.dll+0x5aa58]


---------------  P R O C E S S  ---------------

Threads class SMR info:
_java_thread_list=0x00007ffeef5aa8d8, length=0, elements={
}

Java Threads: ( => current thread )

Other Threads:
  0x000001eb075a2630 GCTaskThread "GC Thread#0" [stack: 0x0000000100700000,0x0000000100800000] [id=18524]
  0x000001eb075b2eb0 ConcurrentGCThread "G1 Main Marker" [stack: 0x0000000100800000,0x0000000100900000] [id=22960]
  0x000001eb075b38c0 ConcurrentGCThread "G1 Conc#0" [stack: 0x0000000100900000,0x0000000100a00000] [id=14792]

[error occurred during error reporting (printing all threads), id 0xc0000005, EXCEPTION_ACCESS_VIOLATION (0xc0000005) at pc=0x00007ffeeedf8a97]

VM state: not at safepoint (not fully initialized)

VM Mutex/Monitor currently owned by a thread:  ([mutex/lock_event])
[0x000001eb07546490] Heap_lock - owner thread: 0x000001eb07548de0

Heap address: 0x0000000083600000, size: 1994 MB, Compressed Oops mode: 32-bit

CDS archive(s) mapped at: [0x0000000000000000-0x0000000000000000-0x0000000000000000), size 0, SharedBaseAddress: 0x0000000800000000, ArchiveRelocationMode: 0.
Narrow klass base: 0x0000000000000000, Narrow klass shift: 0, Narrow klass range: 0x0

GC Precious Log:
<Empty>

Heap:
 garbage-first heap   total 0K, used 0K [0x0000000083600000, 0x0000000100000000)
  region size 1024K, 0 young (0K), 0 survivors (0K)

[error occurred during error reporting (printing heap information), id 0xc0000005, EXCEPTION_ACCESS_VIOLATION (0xc0000005) at pc=0x00007ffeef1dc399]

GC Heap History (0 events):
No events

Deoptimization events (0 events):
No events

Classes unloaded (0 events):
No events

Classes redefined (0 events):
No events

Internal exceptions (0 events):
No events

VM Operations (0 events):
No events

Events (1 events):
Event: 0.009 Loaded shared library C:\Program Files\Java\jdk-17.0.5\bin\java.dll


Dynamic libraries:
0x00007ff74dc20000 - 0x00007ff74dc30000 	C:\Program Files\Java\jdk-17.0.5\bin\javaw.exe
0x00007fff36010000 - 0x00007fff36227000 	C:\WINDOWS\SYSTEM32\ntdll.dll
0x00007fff34a70000 - 0x00007fff34b34000 	C:\WINDOWS\System32\KERNEL32.DLL
0x00007fff339b0000 - 0x00007fff33d56000 	C:\WINDOWS\System32\KERNELBASE.dll
0x00007fff33590000 - 0x00007fff336a1000 	C:\WINDOWS\System32\ucrtbase.dll
0x00007fff2dca0000 - 0x00007fff2dcb8000 	C:\Program Files\Java\jdk-17.0.5\bin\jli.dll
0x00007fff2dd60000 - 0x00007fff2dd7a000 	C:\Program Files\Java\jdk-17.0.5\bin\VCRUNTIME140.dll
0x00007fff34ea0000 - 0x00007fff34f51000 	C:\WINDOWS\System32\ADVAPI32.dll
0x00007fff34830000 - 0x00007fff348d7000 	C:\WINDOWS\System32\msvcrt.dll
0x00007fff345c0000 - 0x00007fff34665000 	C:\WINDOWS\System32\sechost.dll
0x00007fff34b40000 - 0x00007fff34c57000 	C:\WINDOWS\System32\RPCRT4.dll
0x00007fff34c70000 - 0x00007fff34e1e000 	C:\WINDOWS\System32\USER32.dll
0x00007fff33560000 - 0x00007fff33586000 	C:\WINDOWS\System32\win32u.dll
0x00007fff353c0000 - 0x00007fff353e9000 	C:\WINDOWS\System32\GDI32.dll
0x00007fff1cbc0000 - 0x00007fff1ce53000 	C:\WINDOWS\WinSxS\amd64_microsoft.windows.common-controls_6595b64144ccf1df_6.0.22621.2506_none_270c5ae97388e100\COMCTL32.dll
0x00007fff33730000 - 0x00007fff33848000 	C:\WINDOWS\System32\gdi32full.dll
0x00007fff33910000 - 0x00007fff339aa000 	C:\WINDOWS\System32\msvcp_win.dll
0x00007fff24740000 - 0x00007fff2474a000 	C:\WINDOWS\SYSTEM32\VERSION.dll
0x00007fff34480000 - 0x00007fff344b1000 	C:\WINDOWS\System32\IMM32.DLL
0x00007fff2d330000 - 0x00007fff2d33c000 	C:\Program Files\Java\jdk-17.0.5\bin\vcruntime140_1.dll
0x00007fff1a220000 - 0x00007fff1a2ad000 	C:\Program Files\Java\jdk-17.0.5\bin\msvcp140.dll
0x00007ffeeeb10000 - 0x00007ffeef6d2000 	C:\Program Files\Java\jdk-17.0.5\bin\server\jvm.dll
0x00007fff33dc0000 - 0x00007fff33dc8000 	C:\WINDOWS\System32\PSAPI.DLL
0x00007fff2e0e0000 - 0x00007fff2e0e9000 	C:\WINDOWS\SYSTEM32\WSOCK32.dll
0x00007fff348f0000 - 0x00007fff34961000 	C:\WINDOWS\System32\WS2_32.dll
0x00007fff2a690000 - 0x00007fff2a6c4000 	C:\WINDOWS\SYSTEM32\WINMM.dll
0x00007fff32430000 - 0x00007fff32448000 	C:\WINDOWS\SYSTEM32\kernel.appcore.dll
0x00007fff2d320000 - 0x00007fff2d32a000 	C:\Program Files\Java\jdk-17.0.5\bin\jimage.dll
0x00007fff308f0000 - 0x00007fff30b23000 	C:\WINDOWS\SYSTEM32\DBGHELP.DLL
0x00007fff35030000 - 0x00007fff353b9000 	C:\WINDOWS\System32\combase.dll
0x00007fff344e0000 - 0x00007fff345b7000 	C:\WINDOWS\System32\OLEAUT32.dll
0x00007fff10520000 - 0x00007fff10552000 	C:\WINDOWS\SYSTEM32\dbgcore.DLL
0x00007fff336b0000 - 0x00007fff3372a000 	C:\WINDOWS\System32\bcryptPrimitives.dll
0x00007fff25bc0000 - 0x00007fff25be5000 	C:\Program Files\Java\jdk-17.0.5\bin\java.dll

dbghelp: loaded successfully - version: 4.0.5 - missing functions: none
symbol engine: initialized successfully - sym options: 0x614 - pdb path: .;C:\Program Files\Java\jdk-17.0.5\bin;C:\WINDOWS\SYSTEM32;C:\WINDOWS\WinSxS\amd64_microsoft.windows.common-controls_6595b64144ccf1df_6.0.22621.2506_none_270c5ae97388e100;C:\Program Files\Java\jdk-17.0.5\bin\server

VM Arguments:
jvm_args: -Dfile.encoding=UTF-8 -XX:+ShowCodeDetailsInExceptionMessages 
java_command: com.muthukumarasamy.busticketbooking.BusBooking
java_class_path (initial): C:\Users\ramki\eclipse-workspace\projects\bin;C:\Users\ramki\Downloads\jar_files\json-simple-1.1.1.jar;C:\Users\ramki\Downloads\json-20231013.jar
Launcher Type: SUN_STANDARD

[Global flags]
     intx CICompilerCount                          = 4                                         {product} {ergonomic}
     uint ConcGCThreads                            = 2                                         {product} {ergonomic}
     uint G1ConcRefinementThreads                  = 8                                         {product} {ergonomic}
   size_t G1HeapRegionSize                         = 1048576                                   {product} {ergonomic}
    uintx GCDrainStackTargetSize                   = 64                                        {product} {ergonomic}
   size_t InitialHeapSize                          = 132120576                                 {product} {ergonomic}
   size_t MarkStackSize                            = 4194304                                   {product} {ergonomic}
   size_t MaxHeapSize                              = 2090860544                                {product} {ergonomic}
   size_t MinHeapDeltaBytes                        = 1048576                                   {product} {ergonomic}
   size_t MinHeapSize                              = 8388608                                   {product} {ergonomic}
    uintx NonNMethodCodeHeapSize                   = 5839372                                {pd product} {ergonomic}
    uintx NonProfiledCodeHeapSize                  = 122909434                              {pd product} {ergonomic}
    uintx ProfiledCodeHeapSize                     = 122909434                              {pd product} {ergonomic}
    uintx ReservedCodeCacheSize                    = 251658240                              {pd product} {ergonomic}
     bool SegmentedCodeCache                       = true                                      {product} {ergonomic}
     bool ShowCodeDetailsInExceptionMessages       = true                                   {manageable} {command line}
   size_t SoftMaxHeapSize                          = 2090860544                             {manageable} {ergonomic}
     bool UseCompressedClassPointers               = true                           {product lp64_product} {ergonomic}
     bool UseCompressedOops                        = true                           {product lp64_product} {ergonomic}
     bool UseG1GC                                  = true                                      {product} {ergonomic}
     bool UseLargePagesIndividualAllocation        = false                                  {pd product} {ergonomic}

Logging:
Log output configuration:
 #0: stdout all=warning uptime,level,tags
 #1: stderr all=off uptime,level,tags

Environment Variables:
PATH=C:\Program Files\Common Files\Oracle\Java\javapath;C:\WINDOWS\system32;C:\WINDOWS;C:\WINDOWS\System32\Wbem;C:\WINDOWS\System32\WindowsPowerShell\v1.0\;C:\WINDOWS\System32\OpenSSH\;C:\Program Files\MySQL\MySQL Shell 8.0\bin\;C:\Users\ramki\AppData\Local\Programs\Python\Python310\Scripts\;C:\Users\ramki\AppData\Local\Programs\Python\Python310\;C:\Users\ramki\AppData\Local\Microsoft\WindowsApps;C:\Users\ramki\AppData\Local\Programs\Microsoft VS Code\bin;C:\Users\ramki\AppData\Local\JetBrains\IntelliJ IDEA Community Edition 2023.2.3\bin;
USERNAME=ramki
OS=Windows_NT
PROCESSOR_IDENTIFIER=Intel64 Family 6 Model 140 Stepping 1, GenuineIntel



---------------  S Y S T E M  ---------------

OS:
 Windows 11 , 64 bit Build 22621 (10.0.22621.2506)
OS uptime: 4 days 6:04 hours
Hyper-V role detected

CPU: total 8 (initial active 8) (4 cores per cpu, 2 threads per core) family 6 model 140 stepping 1 microcode 0x86, cx8, cmov, fxsr, ht, mmx, 3dnowpref, sse, sse2, sse3, ssse3, sse4.1, sse4.2, popcnt, lzcnt, tsc, tscinvbit, avx, avx2, aes, erms, clmul, bmi1, bmi2, adx, avx512f, avx512dq, avx512cd, avx512bw, avx512vl, sha, fma, vzeroupper, avx512_vpopcntdq, avx512_vpclmulqdq, avx512_vaes, avx512_vnni, clflush, clflushopt, clwb, avx512_vbmi2, avx512_vbmi, hv

Memory: 4k page, system-wide physical 7975M (2163M free)
TotalPageFile size 26725M (AvailPageFile size 8M)
current process WorkingSet (physical memory assigned to process): 11M, peak: 11M
current process commit charge ("private bytes"): 60M, peak: 186M

vm_info: Java HotSpot(TM) 64-Bit Server VM (17.0.5+9-LTS-191) for windows-amd64 JRE (17.0.5+9-LTS-191), built on Sep 13 2022 17:31:43 by "mach5one" with MS VC++ 16.8 / 16.9 (VS2019)

END.
